# ******************************************************
# PLUTO 4.3 Grid File
# Generated on  Thu Aug 11 08:48:04 2022
# 
# DIMENSIONS: 2
# GEOMETRY:   CARTESIAN
# X1: [ 0.000000,  6.283185], 256 point(s), 2 ghosts
# X2: [ 0.000000,  6.283185], 256 point(s), 2 ghosts
# ******************************************************
256 
 1   0.000000000000e+00    2.454369260617e-02
 2   2.454369260617e-02    4.908738521234e-02
 3   4.908738521234e-02    7.363107781851e-02
 4   7.363107781851e-02    9.817477042468e-02
 5   9.817477042468e-02    1.227184630309e-01
 6   1.227184630309e-01    1.472621556370e-01
 7   1.472621556370e-01    1.718058482432e-01
 8   1.718058482432e-01    1.963495408494e-01
 9   1.963495408494e-01    2.208932334555e-01
 10   2.208932334555e-01    2.454369260617e-01
 11   2.454369260617e-01    2.699806186679e-01
 12   2.699806186679e-01    2.945243112740e-01
 13   2.945243112740e-01    3.190680038802e-01
 14   3.190680038802e-01    3.436116964864e-01
 15   3.436116964864e-01    3.681553890926e-01
 16   3.681553890926e-01    3.926990816987e-01
 17   3.926990816987e-01    4.172427743049e-01
 18   4.172427743049e-01    4.417864669111e-01
 19   4.417864669111e-01    4.663301595172e-01
 20   4.663301595172e-01    4.908738521234e-01
 21   4.908738521234e-01    5.154175447296e-01
 22   5.154175447296e-01    5.399612373357e-01
 23   5.399612373357e-01    5.645049299419e-01
 24   5.645049299419e-01    5.890486225481e-01
 25   5.890486225481e-01    6.135923151543e-01
 26   6.135923151543e-01    6.381360077604e-01
 27   6.381360077604e-01    6.626797003666e-01
 28   6.626797003666e-01    6.872233929728e-01
 29   6.872233929728e-01    7.117670855789e-01
 30   7.117670855789e-01    7.363107781851e-01
 31   7.363107781851e-01    7.608544707913e-01
 32   7.608544707913e-01    7.853981633974e-01
 33   7.853981633974e-01    8.099418560036e-01
 34   8.099418560036e-01    8.344855486098e-01
 35   8.344855486098e-01    8.590292412160e-01
 36   8.590292412160e-01    8.835729338221e-01
 37   8.835729338221e-01    9.081166264283e-01
 38   9.081166264283e-01    9.326603190345e-01
 39   9.326603190345e-01    9.572040116406e-01
 40   9.572040116406e-01    9.817477042468e-01
 41   9.817477042468e-01    1.006291396853e+00
 42   1.006291396853e+00    1.030835089459e+00
 43   1.030835089459e+00    1.055378782065e+00
 44   1.055378782065e+00    1.079922474671e+00
 45   1.079922474671e+00    1.104466167278e+00
 46   1.104466167278e+00    1.129009859884e+00
 47   1.129009859884e+00    1.153553552490e+00
 48   1.153553552490e+00    1.178097245096e+00
 49   1.178097245096e+00    1.202640937702e+00
 50   1.202640937702e+00    1.227184630309e+00
 51   1.227184630309e+00    1.251728322915e+00
 52   1.251728322915e+00    1.276272015521e+00
 53   1.276272015521e+00    1.300815708127e+00
 54   1.300815708127e+00    1.325359400733e+00
 55   1.325359400733e+00    1.349903093339e+00
 56   1.349903093339e+00    1.374446785946e+00
 57   1.374446785946e+00    1.398990478552e+00
 58   1.398990478552e+00    1.423534171158e+00
 59   1.423534171158e+00    1.448077863764e+00
 60   1.448077863764e+00    1.472621556370e+00
 61   1.472621556370e+00    1.497165248976e+00
 62   1.497165248976e+00    1.521708941583e+00
 63   1.521708941583e+00    1.546252634189e+00
 64   1.546252634189e+00    1.570796326795e+00
 65   1.570796326795e+00    1.595340019401e+00
 66   1.595340019401e+00    1.619883712007e+00
 67   1.619883712007e+00    1.644427404613e+00
 68   1.644427404613e+00    1.668971097220e+00
 69   1.668971097220e+00    1.693514789826e+00
 70   1.693514789826e+00    1.718058482432e+00
 71   1.718058482432e+00    1.742602175038e+00
 72   1.742602175038e+00    1.767145867644e+00
 73   1.767145867644e+00    1.791689560250e+00
 74   1.791689560250e+00    1.816233252857e+00
 75   1.816233252857e+00    1.840776945463e+00
 76   1.840776945463e+00    1.865320638069e+00
 77   1.865320638069e+00    1.889864330675e+00
 78   1.889864330675e+00    1.914408023281e+00
 79   1.914408023281e+00    1.938951715887e+00
 80   1.938951715887e+00    1.963495408494e+00
 81   1.963495408494e+00    1.988039101100e+00
 82   1.988039101100e+00    2.012582793706e+00
 83   2.012582793706e+00    2.037126486312e+00
 84   2.037126486312e+00    2.061670178918e+00
 85   2.061670178918e+00    2.086213871524e+00
 86   2.086213871524e+00    2.110757564131e+00
 87   2.110757564131e+00    2.135301256737e+00
 88   2.135301256737e+00    2.159844949343e+00
 89   2.159844949343e+00    2.184388641949e+00
 90   2.184388641949e+00    2.208932334555e+00
 91   2.208932334555e+00    2.233476027161e+00
 92   2.233476027161e+00    2.258019719768e+00
 93   2.258019719768e+00    2.282563412374e+00
 94   2.282563412374e+00    2.307107104980e+00
 95   2.307107104980e+00    2.331650797586e+00
 96   2.331650797586e+00    2.356194490192e+00
 97   2.356194490192e+00    2.380738182799e+00
 98   2.380738182799e+00    2.405281875405e+00
 99   2.405281875405e+00    2.429825568011e+00
 100   2.429825568011e+00    2.454369260617e+00
 101   2.454369260617e+00    2.478912953223e+00
 102   2.478912953223e+00    2.503456645829e+00
 103   2.503456645829e+00    2.528000338436e+00
 104   2.528000338436e+00    2.552544031042e+00
 105   2.552544031042e+00    2.577087723648e+00
 106   2.577087723648e+00    2.601631416254e+00
 107   2.601631416254e+00    2.626175108860e+00
 108   2.626175108860e+00    2.650718801466e+00
 109   2.650718801466e+00    2.675262494073e+00
 110   2.675262494073e+00    2.699806186679e+00
 111   2.699806186679e+00    2.724349879285e+00
 112   2.724349879285e+00    2.748893571891e+00
 113   2.748893571891e+00    2.773437264497e+00
 114   2.773437264497e+00    2.797980957103e+00
 115   2.797980957103e+00    2.822524649710e+00
 116   2.822524649710e+00    2.847068342316e+00
 117   2.847068342316e+00    2.871612034922e+00
 118   2.871612034922e+00    2.896155727528e+00
 119   2.896155727528e+00    2.920699420134e+00
 120   2.920699420134e+00    2.945243112740e+00
 121   2.945243112740e+00    2.969786805347e+00
 122   2.969786805347e+00    2.994330497953e+00
 123   2.994330497953e+00    3.018874190559e+00
 124   3.018874190559e+00    3.043417883165e+00
 125   3.043417883165e+00    3.067961575771e+00
 126   3.067961575771e+00    3.092505268377e+00
 127   3.092505268377e+00    3.117048960984e+00
 128   3.117048960984e+00    3.141592653590e+00
 129   3.141592653590e+00    3.166136346196e+00
 130   3.166136346196e+00    3.190680038802e+00
 131   3.190680038802e+00    3.215223731408e+00
 132   3.215223731408e+00    3.239767424014e+00
 133   3.239767424014e+00    3.264311116621e+00
 134   3.264311116621e+00    3.288854809227e+00
 135   3.288854809227e+00    3.313398501833e+00
 136   3.313398501833e+00    3.337942194439e+00
 137   3.337942194439e+00    3.362485887045e+00
 138   3.362485887045e+00    3.387029579651e+00
 139   3.387029579651e+00    3.411573272258e+00
 140   3.411573272258e+00    3.436116964864e+00
 141   3.436116964864e+00    3.460660657470e+00
 142   3.460660657470e+00    3.485204350076e+00
 143   3.485204350076e+00    3.509748042682e+00
 144   3.509748042682e+00    3.534291735289e+00
 145   3.534291735289e+00    3.558835427895e+00
 146   3.558835427895e+00    3.583379120501e+00
 147   3.583379120501e+00    3.607922813107e+00
 148   3.607922813107e+00    3.632466505713e+00
 149   3.632466505713e+00    3.657010198319e+00
 150   3.657010198319e+00    3.681553890926e+00
 151   3.681553890926e+00    3.706097583532e+00
 152   3.706097583532e+00    3.730641276138e+00
 153   3.730641276138e+00    3.755184968744e+00
 154   3.755184968744e+00    3.779728661350e+00
 155   3.779728661350e+00    3.804272353956e+00
 156   3.804272353956e+00    3.828816046563e+00
 157   3.828816046563e+00    3.853359739169e+00
 158   3.853359739169e+00    3.877903431775e+00
 159   3.877903431775e+00    3.902447124381e+00
 160   3.902447124381e+00    3.926990816987e+00
 161   3.926990816987e+00    3.951534509593e+00
 162   3.951534509593e+00    3.976078202200e+00
 163   3.976078202200e+00    4.000621894806e+00
 164   4.000621894806e+00    4.025165587412e+00
 165   4.025165587412e+00    4.049709280018e+00
 166   4.049709280018e+00    4.074252972624e+00
 167   4.074252972624e+00    4.098796665230e+00
 168   4.098796665230e+00    4.123340357837e+00
 169   4.123340357837e+00    4.147884050443e+00
 170   4.147884050443e+00    4.172427743049e+00
 171   4.172427743049e+00    4.196971435655e+00
 172   4.196971435655e+00    4.221515128261e+00
 173   4.221515128261e+00    4.246058820867e+00
 174   4.246058820867e+00    4.270602513474e+00
 175   4.270602513474e+00    4.295146206080e+00
 176   4.295146206080e+00    4.319689898686e+00
 177   4.319689898686e+00    4.344233591292e+00
 178   4.344233591292e+00    4.368777283898e+00
 179   4.368777283898e+00    4.393320976504e+00
 180   4.393320976504e+00    4.417864669111e+00
 181   4.417864669111e+00    4.442408361717e+00
 182   4.442408361717e+00    4.466952054323e+00
 183   4.466952054323e+00    4.491495746929e+00
 184   4.491495746929e+00    4.516039439535e+00
 185   4.516039439535e+00    4.540583132142e+00
 186   4.540583132142e+00    4.565126824748e+00
 187   4.565126824748e+00    4.589670517354e+00
 188   4.589670517354e+00    4.614214209960e+00
 189   4.614214209960e+00    4.638757902566e+00
 190   4.638757902566e+00    4.663301595172e+00
 191   4.663301595172e+00    4.687845287779e+00
 192   4.687845287779e+00    4.712388980385e+00
 193   4.712388980385e+00    4.736932672991e+00
 194   4.736932672991e+00    4.761476365597e+00
 195   4.761476365597e+00    4.786020058203e+00
 196   4.786020058203e+00    4.810563750809e+00
 197   4.810563750809e+00    4.835107443416e+00
 198   4.835107443416e+00    4.859651136022e+00
 199   4.859651136022e+00    4.884194828628e+00
 200   4.884194828628e+00    4.908738521234e+00
 201   4.908738521234e+00    4.933282213840e+00
 202   4.933282213840e+00    4.957825906446e+00
 203   4.957825906446e+00    4.982369599053e+00
 204   4.982369599053e+00    5.006913291659e+00
 205   5.006913291659e+00    5.031456984265e+00
 206   5.031456984265e+00    5.056000676871e+00
 207   5.056000676871e+00    5.080544369477e+00
 208   5.080544369477e+00    5.105088062083e+00
 209   5.105088062083e+00    5.129631754690e+00
 210   5.129631754690e+00    5.154175447296e+00
 211   5.154175447296e+00    5.178719139902e+00
 212   5.178719139902e+00    5.203262832508e+00
 213   5.203262832508e+00    5.227806525114e+00
 214   5.227806525114e+00    5.252350217720e+00
 215   5.252350217720e+00    5.276893910327e+00
 216   5.276893910327e+00    5.301437602933e+00
 217   5.301437602933e+00    5.325981295539e+00
 218   5.325981295539e+00    5.350524988145e+00
 219   5.350524988145e+00    5.375068680751e+00
 220   5.375068680751e+00    5.399612373357e+00
 221   5.399612373357e+00    5.424156065964e+00
 222   5.424156065964e+00    5.448699758570e+00
 223   5.448699758570e+00    5.473243451176e+00
 224   5.473243451176e+00    5.497787143782e+00
 225   5.497787143782e+00    5.522330836388e+00
 226   5.522330836388e+00    5.546874528994e+00
 227   5.546874528994e+00    5.571418221601e+00
 228   5.571418221601e+00    5.595961914207e+00
 229   5.595961914207e+00    5.620505606813e+00
 230   5.620505606813e+00    5.645049299419e+00
 231   5.645049299419e+00    5.669592992025e+00
 232   5.669592992025e+00    5.694136684632e+00
 233   5.694136684632e+00    5.718680377238e+00
 234   5.718680377238e+00    5.743224069844e+00
 235   5.743224069844e+00    5.767767762450e+00
 236   5.767767762450e+00    5.792311455056e+00
 237   5.792311455056e+00    5.816855147662e+00
 238   5.816855147662e+00    5.841398840269e+00
 239   5.841398840269e+00    5.865942532875e+00
 240   5.865942532875e+00    5.890486225481e+00
 241   5.890486225481e+00    5.915029918087e+00
 242   5.915029918087e+00    5.939573610693e+00
 243   5.939573610693e+00    5.964117303299e+00
 244   5.964117303299e+00    5.988660995906e+00
 245   5.988660995906e+00    6.013204688512e+00
 246   6.013204688512e+00    6.037748381118e+00
 247   6.037748381118e+00    6.062292073724e+00
 248   6.062292073724e+00    6.086835766330e+00
 249   6.086835766330e+00    6.111379458936e+00
 250   6.111379458936e+00    6.135923151543e+00
 251   6.135923151543e+00    6.160466844149e+00
 252   6.160466844149e+00    6.185010536755e+00
 253   6.185010536755e+00    6.209554229361e+00
 254   6.209554229361e+00    6.234097921967e+00
 255   6.234097921967e+00    6.258641614573e+00
 256   6.258641614573e+00    6.283185307180e+00
256 
 1   0.000000000000e+00    2.454369260617e-02
 2   2.454369260617e-02    4.908738521234e-02
 3   4.908738521234e-02    7.363107781851e-02
 4   7.363107781851e-02    9.817477042468e-02
 5   9.817477042468e-02    1.227184630309e-01
 6   1.227184630309e-01    1.472621556370e-01
 7   1.472621556370e-01    1.718058482432e-01
 8   1.718058482432e-01    1.963495408494e-01
 9   1.963495408494e-01    2.208932334555e-01
 10   2.208932334555e-01    2.454369260617e-01
 11   2.454369260617e-01    2.699806186679e-01
 12   2.699806186679e-01    2.945243112740e-01
 13   2.945243112740e-01    3.190680038802e-01
 14   3.190680038802e-01    3.436116964864e-01
 15   3.436116964864e-01    3.681553890926e-01
 16   3.681553890926e-01    3.926990816987e-01
 17   3.926990816987e-01    4.172427743049e-01
 18   4.172427743049e-01    4.417864669111e-01
 19   4.417864669111e-01    4.663301595172e-01
 20   4.663301595172e-01    4.908738521234e-01
 21   4.908738521234e-01    5.154175447296e-01
 22   5.154175447296e-01    5.399612373357e-01
 23   5.399612373357e-01    5.645049299419e-01
 24   5.645049299419e-01    5.890486225481e-01
 25   5.890486225481e-01    6.135923151543e-01
 26   6.135923151543e-01    6.381360077604e-01
 27   6.381360077604e-01    6.626797003666e-01
 28   6.626797003666e-01    6.872233929728e-01
 29   6.872233929728e-01    7.117670855789e-01
 30   7.117670855789e-01    7.363107781851e-01
 31   7.363107781851e-01    7.608544707913e-01
 32   7.608544707913e-01    7.853981633974e-01
 33   7.853981633974e-01    8.099418560036e-01
 34   8.099418560036e-01    8.344855486098e-01
 35   8.344855486098e-01    8.590292412160e-01
 36   8.590292412160e-01    8.835729338221e-01
 37   8.835729338221e-01    9.081166264283e-01
 38   9.081166264283e-01    9.326603190345e-01
 39   9.326603190345e-01    9.572040116406e-01
 40   9.572040116406e-01    9.817477042468e-01
 41   9.817477042468e-01    1.006291396853e+00
 42   1.006291396853e+00    1.030835089459e+00
 43   1.030835089459e+00    1.055378782065e+00
 44   1.055378782065e+00    1.079922474671e+00
 45   1.079922474671e+00    1.104466167278e+00
 46   1.104466167278e+00    1.129009859884e+00
 47   1.129009859884e+00    1.153553552490e+00
 48   1.153553552490e+00    1.178097245096e+00
 49   1.178097245096e+00    1.202640937702e+00
 50   1.202640937702e+00    1.227184630309e+00
 51   1.227184630309e+00    1.251728322915e+00
 52   1.251728322915e+00    1.276272015521e+00
 53   1.276272015521e+00    1.300815708127e+00
 54   1.300815708127e+00    1.325359400733e+00
 55   1.325359400733e+00    1.349903093339e+00
 56   1.349903093339e+00    1.374446785946e+00
 57   1.374446785946e+00    1.398990478552e+00
 58   1.398990478552e+00    1.423534171158e+00
 59   1.423534171158e+00    1.448077863764e+00
 60   1.448077863764e+00    1.472621556370e+00
 61   1.472621556370e+00    1.497165248976e+00
 62   1.497165248976e+00    1.521708941583e+00
 63   1.521708941583e+00    1.546252634189e+00
 64   1.546252634189e+00    1.570796326795e+00
 65   1.570796326795e+00    1.595340019401e+00
 66   1.595340019401e+00    1.619883712007e+00
 67   1.619883712007e+00    1.644427404613e+00
 68   1.644427404613e+00    1.668971097220e+00
 69   1.668971097220e+00    1.693514789826e+00
 70   1.693514789826e+00    1.718058482432e+00
 71   1.718058482432e+00    1.742602175038e+00
 72   1.742602175038e+00    1.767145867644e+00
 73   1.767145867644e+00    1.791689560250e+00
 74   1.791689560250e+00    1.816233252857e+00
 75   1.816233252857e+00    1.840776945463e+00
 76   1.840776945463e+00    1.865320638069e+00
 77   1.865320638069e+00    1.889864330675e+00
 78   1.889864330675e+00    1.914408023281e+00
 79   1.914408023281e+00    1.938951715887e+00
 80   1.938951715887e+00    1.963495408494e+00
 81   1.963495408494e+00    1.988039101100e+00
 82   1.988039101100e+00    2.012582793706e+00
 83   2.012582793706e+00    2.037126486312e+00
 84   2.037126486312e+00    2.061670178918e+00
 85   2.061670178918e+00    2.086213871524e+00
 86   2.086213871524e+00    2.110757564131e+00
 87   2.110757564131e+00    2.135301256737e+00
 88   2.135301256737e+00    2.159844949343e+00
 89   2.159844949343e+00    2.184388641949e+00
 90   2.184388641949e+00    2.208932334555e+00
 91   2.208932334555e+00    2.233476027161e+00
 92   2.233476027161e+00    2.258019719768e+00
 93   2.258019719768e+00    2.282563412374e+00
 94   2.282563412374e+00    2.307107104980e+00
 95   2.307107104980e+00    2.331650797586e+00
 96   2.331650797586e+00    2.356194490192e+00
 97   2.356194490192e+00    2.380738182799e+00
 98   2.380738182799e+00    2.405281875405e+00
 99   2.405281875405e+00    2.429825568011e+00
 100   2.429825568011e+00    2.454369260617e+00
 101   2.454369260617e+00    2.478912953223e+00
 102   2.478912953223e+00    2.503456645829e+00
 103   2.503456645829e+00    2.528000338436e+00
 104   2.528000338436e+00    2.552544031042e+00
 105   2.552544031042e+00    2.577087723648e+00
 106   2.577087723648e+00    2.601631416254e+00
 107   2.601631416254e+00    2.626175108860e+00
 108   2.626175108860e+00    2.650718801466e+00
 109   2.650718801466e+00    2.675262494073e+00
 110   2.675262494073e+00    2.699806186679e+00
 111   2.699806186679e+00    2.724349879285e+00
 112   2.724349879285e+00    2.748893571891e+00
 113   2.748893571891e+00    2.773437264497e+00
 114   2.773437264497e+00    2.797980957103e+00
 115   2.797980957103e+00    2.822524649710e+00
 116   2.822524649710e+00    2.847068342316e+00
 117   2.847068342316e+00    2.871612034922e+00
 118   2.871612034922e+00    2.896155727528e+00
 119   2.896155727528e+00    2.920699420134e+00
 120   2.920699420134e+00    2.945243112740e+00
 121   2.945243112740e+00    2.969786805347e+00
 122   2.969786805347e+00    2.994330497953e+00
 123   2.994330497953e+00    3.018874190559e+00
 124   3.018874190559e+00    3.043417883165e+00
 125   3.043417883165e+00    3.067961575771e+00
 126   3.067961575771e+00    3.092505268377e+00
 127   3.092505268377e+00    3.117048960984e+00
 128   3.117048960984e+00    3.141592653590e+00
 129   3.141592653590e+00    3.166136346196e+00
 130   3.166136346196e+00    3.190680038802e+00
 131   3.190680038802e+00    3.215223731408e+00
 132   3.215223731408e+00    3.239767424014e+00
 133   3.239767424014e+00    3.264311116621e+00
 134   3.264311116621e+00    3.288854809227e+00
 135   3.288854809227e+00    3.313398501833e+00
 136   3.313398501833e+00    3.337942194439e+00
 137   3.337942194439e+00    3.362485887045e+00
 138   3.362485887045e+00    3.387029579651e+00
 139   3.387029579651e+00    3.411573272258e+00
 140   3.411573272258e+00    3.436116964864e+00
 141   3.436116964864e+00    3.460660657470e+00
 142   3.460660657470e+00    3.485204350076e+00
 143   3.485204350076e+00    3.509748042682e+00
 144   3.509748042682e+00    3.534291735289e+00
 145   3.534291735289e+00    3.558835427895e+00
 146   3.558835427895e+00    3.583379120501e+00
 147   3.583379120501e+00    3.607922813107e+00
 148   3.607922813107e+00    3.632466505713e+00
 149   3.632466505713e+00    3.657010198319e+00
 150   3.657010198319e+00    3.681553890926e+00
 151   3.681553890926e+00    3.706097583532e+00
 152   3.706097583532e+00    3.730641276138e+00
 153   3.730641276138e+00    3.755184968744e+00
 154   3.755184968744e+00    3.779728661350e+00
 155   3.779728661350e+00    3.804272353956e+00
 156   3.804272353956e+00    3.828816046563e+00
 157   3.828816046563e+00    3.853359739169e+00
 158   3.853359739169e+00    3.877903431775e+00
 159   3.877903431775e+00    3.902447124381e+00
 160   3.902447124381e+00    3.926990816987e+00
 161   3.926990816987e+00    3.951534509593e+00
 162   3.951534509593e+00    3.976078202200e+00
 163   3.976078202200e+00    4.000621894806e+00
 164   4.000621894806e+00    4.025165587412e+00
 165   4.025165587412e+00    4.049709280018e+00
 166   4.049709280018e+00    4.074252972624e+00
 167   4.074252972624e+00    4.098796665230e+00
 168   4.098796665230e+00    4.123340357837e+00
 169   4.123340357837e+00    4.147884050443e+00
 170   4.147884050443e+00    4.172427743049e+00
 171   4.172427743049e+00    4.196971435655e+00
 172   4.196971435655e+00    4.221515128261e+00
 173   4.221515128261e+00    4.246058820867e+00
 174   4.246058820867e+00    4.270602513474e+00
 175   4.270602513474e+00    4.295146206080e+00
 176   4.295146206080e+00    4.319689898686e+00
 177   4.319689898686e+00    4.344233591292e+00
 178   4.344233591292e+00    4.368777283898e+00
 179   4.368777283898e+00    4.393320976504e+00
 180   4.393320976504e+00    4.417864669111e+00
 181   4.417864669111e+00    4.442408361717e+00
 182   4.442408361717e+00    4.466952054323e+00
 183   4.466952054323e+00    4.491495746929e+00
 184   4.491495746929e+00    4.516039439535e+00
 185   4.516039439535e+00    4.540583132142e+00
 186   4.540583132142e+00    4.565126824748e+00
 187   4.565126824748e+00    4.589670517354e+00
 188   4.589670517354e+00    4.614214209960e+00
 189   4.614214209960e+00    4.638757902566e+00
 190   4.638757902566e+00    4.663301595172e+00
 191   4.663301595172e+00    4.687845287779e+00
 192   4.687845287779e+00    4.712388980385e+00
 193   4.712388980385e+00    4.736932672991e+00
 194   4.736932672991e+00    4.761476365597e+00
 195   4.761476365597e+00    4.786020058203e+00
 196   4.786020058203e+00    4.810563750809e+00
 197   4.810563750809e+00    4.835107443416e+00
 198   4.835107443416e+00    4.859651136022e+00
 199   4.859651136022e+00    4.884194828628e+00
 200   4.884194828628e+00    4.908738521234e+00
 201   4.908738521234e+00    4.933282213840e+00
 202   4.933282213840e+00    4.957825906446e+00
 203   4.957825906446e+00    4.982369599053e+00
 204   4.982369599053e+00    5.006913291659e+00
 205   5.006913291659e+00    5.031456984265e+00
 206   5.031456984265e+00    5.056000676871e+00
 207   5.056000676871e+00    5.080544369477e+00
 208   5.080544369477e+00    5.105088062083e+00
 209   5.105088062083e+00    5.129631754690e+00
 210   5.129631754690e+00    5.154175447296e+00
 211   5.154175447296e+00    5.178719139902e+00
 212   5.178719139902e+00    5.203262832508e+00
 213   5.203262832508e+00    5.227806525114e+00
 214   5.227806525114e+00    5.252350217720e+00
 215   5.252350217720e+00    5.276893910327e+00
 216   5.276893910327e+00    5.301437602933e+00
 217   5.301437602933e+00    5.325981295539e+00
 218   5.325981295539e+00    5.350524988145e+00
 219   5.350524988145e+00    5.375068680751e+00
 220   5.375068680751e+00    5.399612373357e+00
 221   5.399612373357e+00    5.424156065964e+00
 222   5.424156065964e+00    5.448699758570e+00
 223   5.448699758570e+00    5.473243451176e+00
 224   5.473243451176e+00    5.497787143782e+00
 225   5.497787143782e+00    5.522330836388e+00
 226   5.522330836388e+00    5.546874528994e+00
 227   5.546874528994e+00    5.571418221601e+00
 228   5.571418221601e+00    5.595961914207e+00
 229   5.595961914207e+00    5.620505606813e+00
 230   5.620505606813e+00    5.645049299419e+00
 231   5.645049299419e+00    5.669592992025e+00
 232   5.669592992025e+00    5.694136684632e+00
 233   5.694136684632e+00    5.718680377238e+00
 234   5.718680377238e+00    5.743224069844e+00
 235   5.743224069844e+00    5.767767762450e+00
 236   5.767767762450e+00    5.792311455056e+00
 237   5.792311455056e+00    5.816855147662e+00
 238   5.816855147662e+00    5.841398840269e+00
 239   5.841398840269e+00    5.865942532875e+00
 240   5.865942532875e+00    5.890486225481e+00
 241   5.890486225481e+00    5.915029918087e+00
 242   5.915029918087e+00    5.939573610693e+00
 243   5.939573610693e+00    5.964117303299e+00
 244   5.964117303299e+00    5.988660995906e+00
 245   5.988660995906e+00    6.013204688512e+00
 246   6.013204688512e+00    6.037748381118e+00
 247   6.037748381118e+00    6.062292073724e+00
 248   6.062292073724e+00    6.086835766330e+00
 249   6.086835766330e+00    6.111379458936e+00
 250   6.111379458936e+00    6.135923151543e+00
 251   6.135923151543e+00    6.160466844149e+00
 252   6.160466844149e+00    6.185010536755e+00
 253   6.185010536755e+00    6.209554229361e+00
 254   6.209554229361e+00    6.234097921967e+00
 255   6.234097921967e+00    6.258641614573e+00
 256   6.258641614573e+00    6.283185307180e+00
1 
 1   0.000000000000e+00    1.000000000000e+00
